<?xml version="1.0" encoding="UTF-8"?>
<testsuites>
  <testsuite name="" tests="8" assertions="8" failures="0" errors="0" time="0.020751">
    <testsuite name="Unit" tests="8" assertions="8" failures="0" errors="0" time="0.020751">
      <testsuite name="CurrencyConverterTest" file="/Users/benny/Sites/phpunit-test/tests/unit/CurrencyConverterTest.php" tests="1" assertions="1" failures="0" errors="0" time="0.012005">
        <testcase name="testConvert" class="CurrencyConverterTest" file="/Users/benny/Sites/phpunit-test/tests/unit/CurrencyConverterTest.php" line="12" assertions="1" time="0.012005"/>
      </testsuite>
      <testsuite name="CurrencyWebserviceTest" file="/Users/benny/Sites/phpunit-test/tests/unit/CurrencyWebserviceTest.php" tests="1" assertions="1" failures="0" errors="0" time="0.001098">
        <testcase name="testGetExchangeRateReturnsFloatRate" class="CurrencyWebserviceTest" file="/Users/benny/Sites/phpunit-test/tests/unit/CurrencyWebserviceTest.php" line="16" assertions="1" time="0.001098"/>
      </testsuite>
      <testsuite name="TransactionServiceTest" file="/Users/benny/Sites/phpunit-test/tests/unit/TransactionServiceTest.php" tests="4" assertions="4" failures="0" errors="0" time="0.006448">
        <testsuite name="TransactionServiceTest::testGetTransactionsByMerchantIdNoResults" tests="1" assertions="1" failures="0" errors="0" time="0.003254">
          <testcase name="testGetTransactionsByMerchantIdNoResults with data set &quot;no_result&quot;" assertions="1" time="0.003254"/>
        </testsuite>
        <testsuite name="TransactionServiceTest::testGetTransactionsByMerchantIdOneResult" tests="1" assertions="1" failures="0" errors="0" time="0.001930">
          <testcase name="testGetTransactionsByMerchantIdOneResult with data set &quot;multiple_results&quot;" assertions="1" time="0.001930"/>
        </testsuite>
        <testsuite name="TransactionServiceTest::testGetTransactionsByMerchantIdMultipleResults" tests="1" assertions="1" failures="0" errors="0" time="0.000667">
          <testcase name="testGetTransactionsByMerchantIdMultipleResults with data set &quot;multiple_results&quot;" assertions="1" time="0.000667"/>
        </testsuite>
        <testsuite name="TransactionServiceTest::testGetTransactionsByMerchantIdIsReturningTransactionObject" tests="1" assertions="1" failures="0" errors="0" time="0.000597">
          <testcase name="testGetTransactionsByMerchantIdIsReturningTransactionObject with data set &quot;one_result&quot;" assertions="1" time="0.000597"/>
        </testsuite>
      </testsuite>
      <testsuite name="TransactionTableTest" file="/Users/benny/Sites/phpunit-test/tests/unit/TransactionTableTest.php" tests="1" assertions="1" failures="0" errors="0" time="0.000628">
        <testcase name="testOpenFile" class="TransactionTableTest" file="/Users/benny/Sites/phpunit-test/tests/unit/TransactionTableTest.php" line="12" assertions="1" time="0.000628"/>
      </testsuite>
      <testsuite name="TransactionTest" file="/Users/benny/Sites/phpunit-test/tests/unit/TransactionTest.php" tests="1" assertions="1" failures="0" errors="0" time="0.000572">
        <testcase name="testConnectionIsValid" class="TransactionTest" file="/Users/benny/Sites/phpunit-test/tests/unit/TransactionTest.php" line="13" assertions="1" time="0.000572"/>
      </testsuite>
    </testsuite>
    <testsuite name="Functional" tests="0" assertions="0" failures="0" errors="0" time="0.000000"/>
  </testsuite>
</testsuites>
